[debug] [2020-11-04T15:19:26.868Z] ----------------------------------------------------------------------
[debug] [2020-11-04T15:19:26.873Z] Command:       H:\node.exe C:\Users\MY PC\AppData\Roaming\npm\node_modules\firebase-tools\lib\bin\firebase.js init
[debug] [2020-11-04T15:19:26.874Z] CLI Version:   8.14.1
[debug] [2020-11-04T15:19:26.874Z] Platform:      win32
[debug] [2020-11-04T15:19:26.874Z] Node Version:  v14.9.0
[debug] [2020-11-04T15:19:26.876Z] Time:          Wed Nov 04 2020 20:49:26 GMT+0530 (India Standard Time)
[debug] [2020-11-04T15:19:26.877Z] ----------------------------------------------------------------------
[debug] [2020-11-04T15:19:26.877Z] 
[debug] [2020-11-04T15:19:26.889Z] > command requires scopes: ["email","openid","https://www.googleapis.com/auth/cloudplatformprojects.readonly","https://www.googleapis.com/auth/firebase","https://www.googleapis.com/auth/cloud-platform"]
[debug] [2020-11-04T15:19:26.890Z] > authorizing via signed-in user
[info] 
     ######## #### ########  ######## ########     ###     ######  ########
     ##        ##  ##     ## ##       ##     ##  ##   ##  ##       ##
     ######    ##  ########  ######   ########  #########  ######  ######
     ##        ##  ##    ##  ##       ##     ## ##     ##       ## ##
     ##       #### ##     ## ######## ########  ##     ##  ######  ########

You're about to initialize a Firebase project in this directory:

  H:\Amazon

[info] 
=== Project Setup
[info] 
[info] First, let's associate this project directory with a Firebase project.
[info] You can create multiple project aliases by running firebase use --add, 
[info] but for now we'll just set up a default project.
[info] 
[debug] [2020-11-04T15:21:13.584Z] >>> HTTP REQUEST GET https://firebase.googleapis.com/v1beta1/projects?pageSize=100  
 
[debug] [2020-11-04T15:21:26.294Z] Server Error. socket hang up
[debug] [2020-11-04T15:21:28.037Z] FirebaseError: Server Error. socket hang up
    at Request._callback (C:\Users\MY PC\AppData\Roaming\npm\node_modules\firebase-tools\lib\api.js:32:31)
    at self.callback (C:\Users\MY PC\AppData\Roaming\npm\node_modules\firebase-tools\node_modules\request\request.js:185:22)
    at Request.emit (events.js:314:20)
    at Request.EventEmitter.emit (domain.js:486:12)
    at Request.onRequestError (C:\Users\MY PC\AppData\Roaming\npm\node_modules\firebase-tools\node_modules\request\request.js:877:8)
    at ClientRequest.emit (events.js:326:22)
    at ClientRequest.EventEmitter.emit (domain.js:486:12)
    at TLSSocket.socketOnEnd (_http_client.js:493:9)
    at TLSSocket.emit (events.js:326:22)
    at TLSSocket.EventEmitter.emit (domain.js:486:12)
    at endReadableNT (_stream_readable.js:1244:12)
    at processTicksAndRejections (internal/process/task_queues.js:80:21)
[error] 
[error] Error: Failed to list Firebase projects. See firebase-debug.log for more info.
[debug] [2020-11-04T15:22:03.682Z] ----------------------------------------------------------------------
[debug] [2020-11-04T15:22:03.688Z] Command:       H:\node.exe C:\Users\MY PC\AppData\Roaming\npm\node_modules\firebase-tools\lib\bin\firebase.js init
[debug] [2020-11-04T15:22:03.689Z] CLI Version:   8.14.1
[debug] [2020-11-04T15:22:03.689Z] Platform:      win32
[debug] [2020-11-04T15:22:03.690Z] Node Version:  v14.9.0
[debug] [2020-11-04T15:22:03.691Z] Time:          Wed Nov 04 2020 20:52:03 GMT+0530 (India Standard Time)
[debug] [2020-11-04T15:22:03.692Z] ----------------------------------------------------------------------
[debug] [2020-11-04T15:22:03.692Z] 
[debug] [2020-11-04T15:22:03.705Z] > command requires scopes: ["email","openid","https://www.googleapis.com/auth/cloudplatformprojects.readonly","https://www.googleapis.com/auth/firebase","https://www.googleapis.com/auth/cloud-platform"]
[debug] [2020-11-04T15:22:03.707Z] > authorizing via signed-in user
[info] 
     ######## #### ########  ######## ########     ###     ######  ########
     ##        ##  ##     ## ##       ##     ##  ##   ##  ##       ##
     ######    ##  ########  ######   ########  #########  ######  ######
     ##        ##  ##    ##  ##       ##     ## ##     ##       ## ##
     ##       #### ##     ## ######## ########  ##     ##  ######  ########

You're about to initialize a Firebase project in this directory:

  H:\Amazon

[info] 
=== Project Setup
[info] 
[info] First, let's associate this project directory with a Firebase project.
[info] You can create multiple project aliases by running firebase use --add, 
[info] but for now we'll just set up a default project.
[info] 
[debug] [2020-11-04T15:23:00.947Z] >>> HTTP REQUEST GET https://firebase.googleapis.com/v1beta1/projects?pageSize=100  
 
[debug] [2020-11-04T15:23:02.551Z] <<< HTTP RESPONSE 200 {"content-type":"application/json; charset=UTF-8","vary":"X-Origin, Referer, Origin,Accept-Encoding","date":"Wed, 04 Nov 2020 15:23:01 GMT","server":"ESF","cache-control":"private","x-xss-protection":"0","x-frame-options":"SAMEORIGIN","x-content-type-options":"nosniff","alt-svc":"h3-Q050=\":443\"; ma=2592000,h3-29=\":443\"; ma=2592000,h3-T051=\":443\"; ma=2592000,h3-T050=\":443\"; ma=2592000,h3-Q046=\":443\"; ma=2592000,h3-Q043=\":443\"; ma=2592000,quic=\":443\"; ma=2592000; v=\"46,43\"","accept-ranges":"none","transfer-encoding":"chunked"}
[info] i  Using project burger-48347 (Burger) 
[info] 
=== Hosting Setup
[info] 
[info] Your public directory is the folder (relative to your project directory) that
[info] will contain Hosting assets to be uploaded with firebase deploy. If you
[info] have a build process for your assets, use your build's output directory.
[info] 
[debug] [2020-11-04T15:23:24.018Z] ----------------------------------------------------------------------
[debug] [2020-11-04T15:23:24.023Z] Command:       H:\node.exe C:\Users\MY PC\AppData\Roaming\npm\node_modules\firebase-tools\lib\bin\firebase.js init
[debug] [2020-11-04T15:23:24.024Z] CLI Version:   8.14.1
[debug] [2020-11-04T15:23:24.024Z] Platform:      win32
[debug] [2020-11-04T15:23:24.024Z] Node Version:  v14.9.0
[debug] [2020-11-04T15:23:24.026Z] Time:          Wed Nov 04 2020 20:53:24 GMT+0530 (India Standard Time)
[debug] [2020-11-04T15:23:24.027Z] ----------------------------------------------------------------------
[debug] [2020-11-04T15:23:24.027Z] 
[debug] [2020-11-04T15:23:24.041Z] > command requires scopes: ["email","openid","https://www.googleapis.com/auth/cloudplatformprojects.readonly","https://www.googleapis.com/auth/firebase","https://www.googleapis.com/auth/cloud-platform"]
[debug] [2020-11-04T15:23:24.043Z] > authorizing via signed-in user
[info] 
     ######## #### ########  ######## ########     ###     ######  ########
     ##        ##  ##     ## ##       ##     ##  ##   ##  ##       ##
     ######    ##  ########  ######   ########  #########  ######  ######
     ##        ##  ##    ##  ##       ##     ## ##     ##       ## ##
     ##       #### ##     ## ######## ########  ##     ##  ######  ########

You're about to initialize a Firebase project in this directory:

  H:\Amazon

[info] 
=== Project Setup
[info] 
[info] First, let's associate this project directory with a Firebase project.
[info] You can create multiple project aliases by running firebase use --add, 
[info] but for now we'll just set up a default project.
[info] 
[info] i  If you want to create a project in a Google Cloud organization or folder, please use "firebase projects:create" instead, and return to this command when you've created the project. 
[debug] [2020-11-04T15:26:21.142Z] ----------------------------------------------------------------------
[debug] [2020-11-04T15:26:21.147Z] Command:       H:\node.exe C:\Users\MY PC\AppData\Roaming\npm\node_modules\firebase-tools\lib\bin\firebase.js init
[debug] [2020-11-04T15:26:21.148Z] CLI Version:   8.14.1
[debug] [2020-11-04T15:26:21.148Z] Platform:      win32
[debug] [2020-11-04T15:26:21.148Z] Node Version:  v14.9.0
[debug] [2020-11-04T15:26:21.150Z] Time:          Wed Nov 04 2020 20:56:21 GMT+0530 (India Standard Time)
[debug] [2020-11-04T15:26:21.151Z] ----------------------------------------------------------------------
[debug] [2020-11-04T15:26:21.152Z] 
[debug] [2020-11-04T15:26:21.168Z] > command requires scopes: ["email","openid","https://www.googleapis.com/auth/cloudplatformprojects.readonly","https://www.googleapis.com/auth/firebase","https://www.googleapis.com/auth/cloud-platform"]
[debug] [2020-11-04T15:26:21.170Z] > authorizing via signed-in user
[info] 
     ######## #### ########  ######## ########     ###     ######  ########
     ##        ##  ##     ## ##       ##     ##  ##   ##  ##       ##
     ######    ##  ########  ######   ########  #########  ######  ######
     ##        ##  ##    ##  ##       ##     ## ##     ##       ## ##
     ##       #### ##     ## ######## ########  ##     ##  ######  ########

You're about to initialize a Firebase project in this directory:

  H:\Amazon

[info] 
=== Project Setup
[info] 
[info] First, let's associate this project directory with a Firebase project.
[info] You can create multiple project aliases by running firebase use --add, 
[info] but for now we'll just set up a default project.
[info] 
[debug] [2020-11-04T15:26:31.031Z] >>> HTTP REQUEST GET https://firebase.googleapis.com/v1beta1/projects?pageSize=100  
 
[debug] [2020-11-04T15:26:32.573Z] <<< HTTP RESPONSE 200 {"content-type":"application/json; charset=UTF-8","vary":"X-Origin, Referer, Origin,Accept-Encoding","date":"Wed, 04 Nov 2020 15:26:32 GMT","server":"ESF","cache-control":"private","x-xss-protection":"0","x-frame-options":"SAMEORIGIN","x-content-type-options":"nosniff","alt-svc":"h3-Q050=\":443\"; ma=2592000,h3-29=\":443\"; ma=2592000,h3-T051=\":443\"; ma=2592000,h3-T050=\":443\"; ma=2592000,h3-Q046=\":443\"; ma=2592000,h3-Q043=\":443\"; ma=2592000,quic=\":443\"; ma=2592000; v=\"46,43\"","accept-ranges":"none","transfer-encoding":"chunked"}
